<?xml version="1.0" encoding="UTF-8"?>
<testng-results ignored="0" total="1" passed="1" failed="0" skipped="0">
  <reporter-output>
  </reporter-output>
  <suite started-at="2024-11-23T14:51:05 IST" name="Default suite" finished-at="2024-11-23T14:51:16 IST" duration-ms="10623">
    <groups>
    </groups>
    <test started-at="2024-11-23T14:51:05 IST" name="Default test" finished-at="2024-11-23T14:51:16 IST" duration-ms="10623">
      <class name="testscript.Clientpage_Test">
        <test-method is-config="true" signature="beforeMethod()[pri:0, instance:testscript.Clientpage_Test@36bc55de]" started-at="2024-11-23T14:51:05 IST" name="beforeMethod" finished-at="2024-11-23T14:51:12 IST" duration-ms="6439" status="PASS">
          <reporter-output>
          </reporter-output>
        </test-method> <!-- beforeMethod -->
        <test-method signature="verifytheUserisAbleToSearchTheClientDetails()[pri:0, instance:testscript.Clientpage_Test@36bc55de]" started-at="2024-11-23T14:51:12 IST" name="verifytheUserisAbleToSearchTheClientDetails" finished-at="2024-11-23T14:51:16 IST" duration-ms="4153" status="PASS">
          <reporter-output>
          </reporter-output>
        </test-method> <!-- verifytheUserisAbleToSearchTheClientDetails -->
        <test-method is-config="true" signature="afterMethod()[pri:0, instance:testscript.Clientpage_Test@36bc55de]" started-at="2024-11-23T14:51:16 IST" name="afterMethod" finished-at="2024-11-23T14:51:16 IST" duration-ms="1" status="PASS">
          <reporter-output>
          </reporter-output>
        </test-method> <!-- afterMethod -->
      </class> <!-- testscript.Clientpage_Test -->
    </test> <!-- Default test -->
  </suite> <!-- Default suite -->
</testng-results>
