<?xml version="1.0" encoding="UTF-8"?>
<!-- Generated by org.testng.reporters.JUnitXMLReporter -->
<testsuite ignored="0" hostname="SHEFEENA" failures="0" tests="4" name="sample" time="7.152" errors="0" timestamp="2024-11-28T11:18:13 IST">
  <testcase classname="testscript.NewTest" name="aelo" time="0.01"/>
  <testcase classname="testscript.NewTest" name="java" time="0.001"/>
  <testcase classname="testscript.NewTest" name="display" time="0.001"/>
  <testcase classname="testscript.Clientpage_Test" name="verifytheUserisAbleToSearchTheClientDetails" time="3.427"/>
</testsuite> <!-- sample -->
