<?xml version="1.0" encoding="UTF-8"?>
<!-- Generated by org.testng.reporters.JUnitXMLReporter -->
<testsuite ignored="0" hostname="SHEFEENA" failures="0" tests="4" name="Test" time="17.172" errors="0" timestamp="2024-11-26T12:28:49 IST">
  <testcase classname="testscript.NewTest" name="aelo" time="0.016"/>
  <testcase classname="testscript.NewTest" name="java" time="0.003"/>
  <testcase classname="testscript.NewTest" name="display" time="0.002"/>
  <testcase classname="testscript.Clientpage_Test" name="verifytheUserisAbleToSearchTheClientDetails" time="4.705"/>
</testsuite> <!-- Test -->
